2024-12-29T18:31:50.000+05:30  INFO 10068 --- [fms] [restartedMain] com.pjsoft.fms.FmsApplication            : Starting FmsApplication using Java 17.0.2 with PID 10068 (C:\FMSProject\fms-backend\target\classes started by paragupta in C:\FMSProject\fms-backend)
2024-12-29T18:31:50.015+05:30 DEBUG 10068 --- [fms] [restartedMain] com.pjsoft.fms.FmsApplication            : Running with Spring Boot v3.3.1, Spring v6.1.10
2024-12-29T18:31:50.017+05:30  INFO 10068 --- [fms] [restartedMain] com.pjsoft.fms.FmsApplication            : No active profile set, falling back to 1 default profile: "default"
2024-12-29T18:31:50.341+05:30  INFO 10068 --- [fms] [restartedMain] .e.DevToolsPropertyDefaultsPostProcessor : Devtools property defaults active! Set 'spring.devtools.add-properties' to 'false' to disable
2024-12-29T18:31:50.342+05:30  INFO 10068 --- [fms] [restartedMain] .e.DevToolsPropertyDefaultsPostProcessor : For additional web related logging consider setting the 'logging.level.web' property to 'DEBUG'
2024-12-29T18:31:54.249+05:30  INFO 10068 --- [fms] [restartedMain] .s.d.r.c.RepositoryConfigurationDelegate : Bootstrapping Spring Data JPA repositories in DEFAULT mode.
2024-12-29T18:31:54.516+05:30  INFO 10068 --- [fms] [restartedMain] .s.d.r.c.RepositoryConfigurationDelegate : Finished Spring Data repository scanning in 230 ms. Found 6 JPA repository interfaces.
2024-12-29T18:31:57.111+05:30  INFO 10068 --- [fms] [restartedMain] o.s.b.w.embedded.tomcat.TomcatWebServer  : Tomcat initialized with port 8050 (http)
2024-12-29T18:31:57.145+05:30  INFO 10068 --- [fms] [restartedMain] o.apache.catalina.core.StandardService   : Starting service [Tomcat]
2024-12-29T18:31:57.146+05:30  INFO 10068 --- [fms] [restartedMain] o.apache.catalina.core.StandardEngine    : Starting Servlet engine: [Apache Tomcat/10.1.25]
2024-12-29T18:31:57.302+05:30  INFO 10068 --- [fms] [restartedMain] o.a.c.c.C.[Tomcat].[localhost].[/]       : Initializing Spring embedded WebApplicationContext
2024-12-29T18:31:57.303+05:30  INFO 10068 --- [fms] [restartedMain] w.s.c.ServletWebServerApplicationContext : Root WebApplicationContext: initialization completed in 6958 ms
2024-12-29T18:31:57.746+05:30  INFO 10068 --- [fms] [restartedMain] com.zaxxer.hikari.HikariDataSource       : HikariPool-1 - Starting...
2024-12-29T18:31:58.346+05:30  INFO 10068 --- [fms] [restartedMain] com.zaxxer.hikari.pool.HikariPool        : HikariPool-1 - Added connection conn0: url=jdbc:h2:mem:fmsdb user=SA
2024-12-29T18:31:58.349+05:30  INFO 10068 --- [fms] [restartedMain] com.zaxxer.hikari.HikariDataSource       : HikariPool-1 - Start completed.
2024-12-29T18:31:58.380+05:30  INFO 10068 --- [fms] [restartedMain] o.s.b.a.h2.H2ConsoleAutoConfiguration    : H2 console available at '/h2-console'. Database available at 'jdbc:h2:mem:fmsdb'
2024-12-29T18:31:58.913+05:30  INFO 10068 --- [fms] [restartedMain] o.hibernate.jpa.internal.util.LogHelper  : HHH000204: Processing PersistenceUnitInfo [name: default]
2024-12-29T18:31:59.117+05:30  INFO 10068 --- [fms] [restartedMain] org.hibernate.Version                    : HHH000412: Hibernate ORM core version 6.5.2.Final
2024-12-29T18:31:59.189+05:30  INFO 10068 --- [fms] [restartedMain] o.h.c.internal.RegionFactoryInitiator    : HHH000026: Second-level cache disabled
2024-12-29T18:31:59.854+05:30  INFO 10068 --- [fms] [restartedMain] o.s.o.j.p.SpringPersistenceUnitInfo      : No LoadTimeWeaver setup: ignoring JPA class transformer
2024-12-29T18:31:59.938+05:30  WARN 10068 --- [fms] [restartedMain] org.hibernate.orm.deprecation            : HHH90000025: H2Dialect does not need to be specified explicitly using 'hibernate.dialect' (remove the property setting and it will be selected by default)
2024-12-29T18:32:02.180+05:30  INFO 10068 --- [fms] [restartedMain] o.h.e.t.j.p.i.JtaPlatformInitiator       : HHH000489: No JTA platform available (set 'hibernate.transaction.jta.platform' to enable JTA platform integration)
2024-12-29T18:32:02.280+05:30  INFO 10068 --- [fms] [restartedMain] j.LocalContainerEntityManagerFactoryBean : Initialized JPA EntityManagerFactory for persistence unit 'default'
2024-12-29T18:32:04.265+05:30  WARN 10068 --- [fms] [restartedMain] JpaBaseConfiguration$JpaWebConfiguration : spring.jpa.open-in-view is enabled by default. Therefore, database queries may be performed during view rendering. Explicitly configure spring.jpa.open-in-view to disable this warning
2024-12-29T18:32:05.748+05:30  INFO 10068 --- [fms] [restartedMain] o.s.b.d.a.OptionalLiveReloadServer       : LiveReload server is running on port 35729
2024-12-29T18:32:05.765+05:30  INFO 10068 --- [fms] [restartedMain] o.s.b.a.e.web.EndpointLinksResolver      : Exposing 1 endpoint beneath base path '/actuator'
2024-12-29T18:32:05.904+05:30  INFO 10068 --- [fms] [restartedMain] o.s.b.w.embedded.tomcat.TomcatWebServer  : Tomcat started on port 8050 (http) with context path '/'
2024-12-29T18:32:05.944+05:30  INFO 10068 --- [fms] [restartedMain] com.pjsoft.fms.FmsApplication            : Started FmsApplication in 16.917 seconds (process running for 18.414)
2024-12-29T18:32:39.625+05:30  INFO 10068 --- [fms] [http-nio-8050-exec-2] o.a.c.c.C.[Tomcat].[localhost].[/]       : Initializing Spring DispatcherServlet 'dispatcherServlet'
2024-12-29T18:32:39.625+05:30  INFO 10068 --- [fms] [http-nio-8050-exec-2] o.s.web.servlet.DispatcherServlet        : Initializing Servlet 'dispatcherServlet'
2024-12-29T18:32:39.627+05:30  INFO 10068 --- [fms] [http-nio-8050-exec-2] o.s.web.servlet.DispatcherServlet        : Completed initialization in 2 ms
2024-12-29T18:32:39.683+05:30 DEBUG 10068 --- [fms] [http-nio-8050-exec-2] c.p.fms.service.impl.FlightServiceImpl   : inside getFlightById
2024-12-29T18:32:39.799+05:30  WARN 10068 --- [fms] [http-nio-8050-exec-2] .m.m.a.ExceptionHandlerExceptionResolver : Resolved [jakarta.servlet.ServletException: Handler dispatch failed: java.lang.StackOverflowError]
2024-12-29T18:35:09.665+05:30  INFO 10068 --- [fms] [File Watcher] rtingClassPathChangeChangedEventListener : Restarting due to 1 class path change (0 additions, 0 deletions, 1 modification)
2024-12-29T18:35:10.012+05:30  INFO 10068 --- [fms] [Thread-5] j.LocalContainerEntityManagerFactoryBean : Closing JPA EntityManagerFactory for persistence unit 'default'
2024-12-29T18:35:10.024+05:30  WARN 10068 --- [fms] [Thread-5] o.s.b.f.support.DisposableBeanAdapter    : Invocation of destroy method failed on bean with name 'inMemoryDatabaseShutdownExecutor': org.h2.jdbc.JdbcSQLNonTransientConnectionException: Database is already closed (to disable automatic closing at VM shutdown, add ";DB_CLOSE_ON_EXIT=FALSE" to the db URL) [90121-224]
2024-12-29T18:35:10.025+05:30  INFO 10068 --- [fms] [Thread-5] com.zaxxer.hikari.HikariDataSource       : HikariPool-1 - Shutdown initiated...
2024-12-29T18:35:10.030+05:30  INFO 10068 --- [fms] [Thread-5] com.zaxxer.hikari.HikariDataSource       : HikariPool-1 - Shutdown completed.
2024-12-29T18:35:10.133+05:30  INFO 10068 --- [fms] [restartedMain] com.pjsoft.fms.FmsApplication            : Starting FmsApplication using Java 17.0.2 with PID 10068 (C:\FMSProject\fms-backend\target\classes started by paragupta in C:\FMSProject\fms-backend)
2024-12-29T18:35:10.134+05:30 DEBUG 10068 --- [fms] [restartedMain] com.pjsoft.fms.FmsApplication            : Running with Spring Boot v3.3.1, Spring v6.1.10
2024-12-29T18:35:10.134+05:30  INFO 10068 --- [fms] [restartedMain] com.pjsoft.fms.FmsApplication            : No active profile set, falling back to 1 default profile: "default"
2024-12-29T18:35:10.706+05:30  INFO 10068 --- [fms] [restartedMain] .s.d.r.c.RepositoryConfigurationDelegate : Bootstrapping Spring Data JPA repositories in DEFAULT mode.
2024-12-29T18:35:10.759+05:30  INFO 10068 --- [fms] [restartedMain] .s.d.r.c.RepositoryConfigurationDelegate : Finished Spring Data repository scanning in 52 ms. Found 6 JPA repository interfaces.
2024-12-29T18:35:10.962+05:30  INFO 10068 --- [fms] [restartedMain] o.s.b.w.embedded.tomcat.TomcatWebServer  : Tomcat initialized with port 8050 (http)
2024-12-29T18:35:10.963+05:30  INFO 10068 --- [fms] [restartedMain] o.apache.catalina.core.StandardService   : Starting service [Tomcat]
2024-12-29T18:35:10.964+05:30  INFO 10068 --- [fms] [restartedMain] o.apache.catalina.core.StandardEngine    : Starting Servlet engine: [Apache Tomcat/10.1.25]
2024-12-29T18:35:10.991+05:30  INFO 10068 --- [fms] [restartedMain] o.a.c.c.C.[Tomcat].[localhost].[/]       : Initializing Spring embedded WebApplicationContext
2024-12-29T18:35:10.991+05:30  INFO 10068 --- [fms] [restartedMain] w.s.c.ServletWebServerApplicationContext : Root WebApplicationContext: initialization completed in 854 ms
2024-12-29T18:35:11.074+05:30  INFO 10068 --- [fms] [restartedMain] com.zaxxer.hikari.HikariDataSource       : HikariPool-2 - Starting...
2024-12-29T18:35:11.076+05:30  INFO 10068 --- [fms] [restartedMain] com.zaxxer.hikari.pool.HikariPool        : HikariPool-2 - Added connection conn10: url=jdbc:h2:mem:fmsdb user=SA
2024-12-29T18:35:11.077+05:30  INFO 10068 --- [fms] [restartedMain] com.zaxxer.hikari.HikariDataSource       : HikariPool-2 - Start completed.
2024-12-29T18:35:11.077+05:30  INFO 10068 --- [fms] [restartedMain] o.s.b.a.h2.H2ConsoleAutoConfiguration    : H2 console available at '/h2-console'. Database available at 'jdbc:h2:mem:fmsdb'
2024-12-29T18:35:11.159+05:30  INFO 10068 --- [fms] [restartedMain] o.hibernate.jpa.internal.util.LogHelper  : HHH000204: Processing PersistenceUnitInfo [name: default]
2024-12-29T18:35:11.163+05:30  INFO 10068 --- [fms] [restartedMain] o.h.c.internal.RegionFactoryInitiator    : HHH000026: Second-level cache disabled
2024-12-29T18:35:11.179+05:30  INFO 10068 --- [fms] [restartedMain] o.s.o.j.p.SpringPersistenceUnitInfo      : No LoadTimeWeaver setup: ignoring JPA class transformer
2024-12-29T18:35:11.182+05:30  WARN 10068 --- [fms] [restartedMain] org.hibernate.orm.deprecation            : HHH90000025: H2Dialect does not need to be specified explicitly using 'hibernate.dialect' (remove the property setting and it will be selected by default)
2024-12-29T18:35:11.299+05:30  INFO 10068 --- [fms] [restartedMain] o.h.e.t.j.p.i.JtaPlatformInitiator       : HHH000489: No JTA platform available (set 'hibernate.transaction.jta.platform' to enable JTA platform integration)
2024-12-29T18:35:11.313+05:30  INFO 10068 --- [fms] [restartedMain] j.LocalContainerEntityManagerFactoryBean : Initialized JPA EntityManagerFactory for persistence unit 'default'
2024-12-29T18:35:11.711+05:30  WARN 10068 --- [fms] [restartedMain] JpaBaseConfiguration$JpaWebConfiguration : spring.jpa.open-in-view is enabled by default. Therefore, database queries may be performed during view rendering. Explicitly configure spring.jpa.open-in-view to disable this warning
2024-12-29T18:35:12.272+05:30  INFO 10068 --- [fms] [restartedMain] o.s.b.d.a.OptionalLiveReloadServer       : LiveReload server is running on port 35729
2024-12-29T18:35:12.279+05:30  INFO 10068 --- [fms] [restartedMain] o.s.b.a.e.web.EndpointLinksResolver      : Exposing 1 endpoint beneath base path '/actuator'
2024-12-29T18:35:12.306+05:30  INFO 10068 --- [fms] [restartedMain] o.s.b.w.embedded.tomcat.TomcatWebServer  : Tomcat started on port 8050 (http) with context path '/'
2024-12-29T18:35:12.315+05:30  INFO 10068 --- [fms] [restartedMain] com.pjsoft.fms.FmsApplication            : Started FmsApplication in 2.215 seconds (process running for 204.786)
2024-12-29T18:35:12.318+05:30  INFO 10068 --- [fms] [restartedMain] .ConditionEvaluationDeltaLoggingListener : Condition evaluation unchanged
2024-12-29T18:42:18.884+05:30  INFO 10068 --- [fms] [File Watcher] rtingClassPathChangeChangedEventListener : Restarting due to 1 class path change (0 additions, 0 deletions, 1 modification)
2024-12-29T18:42:19.240+05:30  INFO 10068 --- [fms] [Thread-7] j.LocalContainerEntityManagerFactoryBean : Closing JPA EntityManagerFactory for persistence unit 'default'
2024-12-29T18:42:19.243+05:30  WARN 10068 --- [fms] [Thread-7] o.s.b.f.support.DisposableBeanAdapter    : Invocation of destroy method failed on bean with name 'inMemoryDatabaseShutdownExecutor': org.h2.jdbc.JdbcSQLNonTransientConnectionException: Database is already closed (to disable automatic closing at VM shutdown, add ";DB_CLOSE_ON_EXIT=FALSE" to the db URL) [90121-224]
2024-12-29T18:42:19.243+05:30  INFO 10068 --- [fms] [Thread-7] com.zaxxer.hikari.HikariDataSource       : HikariPool-2 - Shutdown initiated...
2024-12-29T18:42:19.244+05:30  INFO 10068 --- [fms] [Thread-7] com.zaxxer.hikari.HikariDataSource       : HikariPool-2 - Shutdown completed.
2024-12-29T18:42:19.329+05:30  INFO 10068 --- [fms] [restartedMain] com.pjsoft.fms.FmsApplication            : Starting FmsApplication using Java 17.0.2 with PID 10068 (C:\FMSProject\fms-backend\target\classes started by paragupta in C:\FMSProject\fms-backend)
2024-12-29T18:42:19.329+05:30 DEBUG 10068 --- [fms] [restartedMain] com.pjsoft.fms.FmsApplication            : Running with Spring Boot v3.3.1, Spring v6.1.10
2024-12-29T18:42:19.329+05:30  INFO 10068 --- [fms] [restartedMain] com.pjsoft.fms.FmsApplication            : No active profile set, falling back to 1 default profile: "default"
2024-12-29T18:42:20.318+05:30  INFO 10068 --- [fms] [restartedMain] .s.d.r.c.RepositoryConfigurationDelegate : Bootstrapping Spring Data JPA repositories in DEFAULT mode.
2024-12-29T18:42:20.364+05:30  INFO 10068 --- [fms] [restartedMain] .s.d.r.c.RepositoryConfigurationDelegate : Finished Spring Data repository scanning in 46 ms. Found 6 JPA repository interfaces.
2024-12-29T18:42:20.605+05:30  INFO 10068 --- [fms] [restartedMain] o.s.b.w.embedded.tomcat.TomcatWebServer  : Tomcat initialized with port 8050 (http)
2024-12-29T18:42:20.606+05:30  INFO 10068 --- [fms] [restartedMain] o.apache.catalina.core.StandardService   : Starting service [Tomcat]
2024-12-29T18:42:20.606+05:30  INFO 10068 --- [fms] [restartedMain] o.apache.catalina.core.StandardEngine    : Starting Servlet engine: [Apache Tomcat/10.1.25]
2024-12-29T18:42:20.655+05:30  INFO 10068 --- [fms] [restartedMain] o.a.c.c.C.[Tomcat].[localhost].[/]       : Initializing Spring embedded WebApplicationContext
2024-12-29T18:42:20.656+05:30  INFO 10068 --- [fms] [restartedMain] w.s.c.ServletWebServerApplicationContext : Root WebApplicationContext: initialization completed in 1325 ms
2024-12-29T18:42:20.784+05:30  INFO 10068 --- [fms] [restartedMain] com.zaxxer.hikari.HikariDataSource       : HikariPool-3 - Starting...
2024-12-29T18:42:20.789+05:30  INFO 10068 --- [fms] [restartedMain] com.zaxxer.hikari.pool.HikariPool        : HikariPool-3 - Added connection conn20: url=jdbc:h2:mem:fmsdb user=SA
2024-12-29T18:42:20.790+05:30  INFO 10068 --- [fms] [restartedMain] com.zaxxer.hikari.HikariDataSource       : HikariPool-3 - Start completed.
2024-12-29T18:42:20.790+05:30  INFO 10068 --- [fms] [restartedMain] o.s.b.a.h2.H2ConsoleAutoConfiguration    : H2 console available at '/h2-console'. Database available at 'jdbc:h2:mem:fmsdb'
2024-12-29T18:42:20.909+05:30  INFO 10068 --- [fms] [restartedMain] o.hibernate.jpa.internal.util.LogHelper  : HHH000204: Processing PersistenceUnitInfo [name: default]
2024-12-29T18:42:20.914+05:30  INFO 10068 --- [fms] [restartedMain] o.h.c.internal.RegionFactoryInitiator    : HHH000026: Second-level cache disabled
2024-12-29T18:42:20.930+05:30  INFO 10068 --- [fms] [restartedMain] o.s.o.j.p.SpringPersistenceUnitInfo      : No LoadTimeWeaver setup: ignoring JPA class transformer
2024-12-29T18:42:20.933+05:30  WARN 10068 --- [fms] [restartedMain] org.hibernate.orm.deprecation            : HHH90000025: H2Dialect does not need to be specified explicitly using 'hibernate.dialect' (remove the property setting and it will be selected by default)
2024-12-29T18:42:21.106+05:30  INFO 10068 --- [fms] [restartedMain] o.h.e.t.j.p.i.JtaPlatformInitiator       : HHH000489: No JTA platform available (set 'hibernate.transaction.jta.platform' to enable JTA platform integration)
2024-12-29T18:42:21.130+05:30  INFO 10068 --- [fms] [restartedMain] j.LocalContainerEntityManagerFactoryBean : Initialized JPA EntityManagerFactory for persistence unit 'default'
2024-12-29T18:42:21.531+05:30  WARN 10068 --- [fms] [restartedMain] JpaBaseConfiguration$JpaWebConfiguration : spring.jpa.open-in-view is enabled by default. Therefore, database queries may be performed during view rendering. Explicitly configure spring.jpa.open-in-view to disable this warning
2024-12-29T18:42:22.058+05:30  INFO 10068 --- [fms] [restartedMain] o.s.b.d.a.OptionalLiveReloadServer       : LiveReload server is running on port 35729
2024-12-29T18:42:22.065+05:30  INFO 10068 --- [fms] [restartedMain] o.s.b.a.e.web.EndpointLinksResolver      : Exposing 1 endpoint beneath base path '/actuator'
2024-12-29T18:42:22.090+05:30  INFO 10068 --- [fms] [restartedMain] o.s.b.w.embedded.tomcat.TomcatWebServer  : Tomcat started on port 8050 (http) with context path '/'
2024-12-29T18:42:22.104+05:30  INFO 10068 --- [fms] [restartedMain] com.pjsoft.fms.FmsApplication            : Started FmsApplication in 2.801 seconds (process running for 634.574)
2024-12-29T18:42:22.106+05:30  INFO 10068 --- [fms] [restartedMain] .ConditionEvaluationDeltaLoggingListener : Condition evaluation unchanged
2024-12-29T18:42:31.326+05:30  INFO 10068 --- [fms] [http-nio-8050-exec-2] o.a.c.c.C.[Tomcat].[localhost].[/]       : Initializing Spring DispatcherServlet 'dispatcherServlet'
2024-12-29T18:42:31.326+05:30  INFO 10068 --- [fms] [http-nio-8050-exec-2] o.s.web.servlet.DispatcherServlet        : Initializing Servlet 'dispatcherServlet'
2024-12-29T18:42:31.327+05:30  INFO 10068 --- [fms] [http-nio-8050-exec-2] o.s.web.servlet.DispatcherServlet        : Completed initialization in 1 ms
2024-12-29T18:42:31.329+05:30 DEBUG 10068 --- [fms] [http-nio-8050-exec-2] c.p.fms.service.impl.FlightServiceImpl   : inside getFlightById
2024-12-29T18:42:43.167+05:30  INFO 10068 --- [fms] [File Watcher] rtingClassPathChangeChangedEventListener : Restarting due to 1 class path change (0 additions, 0 deletions, 1 modification)
2024-12-29T18:42:43.519+05:30  INFO 10068 --- [fms] [Thread-12] j.LocalContainerEntityManagerFactoryBean : Closing JPA EntityManagerFactory for persistence unit 'default'
2024-12-29T18:42:43.522+05:30  WARN 10068 --- [fms] [Thread-12] o.s.b.f.support.DisposableBeanAdapter    : Invocation of destroy method failed on bean with name 'inMemoryDatabaseShutdownExecutor': org.h2.jdbc.JdbcSQLNonTransientConnectionException: Database is already closed (to disable automatic closing at VM shutdown, add ";DB_CLOSE_ON_EXIT=FALSE" to the db URL) [90121-224]
2024-12-29T18:42:43.522+05:30  INFO 10068 --- [fms] [Thread-12] com.zaxxer.hikari.HikariDataSource       : HikariPool-3 - Shutdown initiated...
2024-12-29T18:42:43.524+05:30  INFO 10068 --- [fms] [Thread-12] com.zaxxer.hikari.HikariDataSource       : HikariPool-3 - Shutdown completed.
2024-12-29T18:42:43.602+05:30  INFO 10068 --- [fms] [restartedMain] com.pjsoft.fms.FmsApplication            : Starting FmsApplication using Java 17.0.2 with PID 10068 (C:\FMSProject\fms-backend\target\classes started by paragupta in C:\FMSProject\fms-backend)
2024-12-29T18:42:43.602+05:30 DEBUG 10068 --- [fms] [restartedMain] com.pjsoft.fms.FmsApplication            : Running with Spring Boot v3.3.1, Spring v6.1.10
2024-12-29T18:42:43.602+05:30  INFO 10068 --- [fms] [restartedMain] com.pjsoft.fms.FmsApplication            : No active profile set, falling back to 1 default profile: "default"
2024-12-29T18:42:44.031+05:30  INFO 10068 --- [fms] [restartedMain] .s.d.r.c.RepositoryConfigurationDelegate : Bootstrapping Spring Data JPA repositories in DEFAULT mode.
2024-12-29T18:42:44.074+05:30  INFO 10068 --- [fms] [restartedMain] .s.d.r.c.RepositoryConfigurationDelegate : Finished Spring Data repository scanning in 42 ms. Found 6 JPA repository interfaces.
2024-12-29T18:42:44.299+05:30  INFO 10068 --- [fms] [restartedMain] o.s.b.w.embedded.tomcat.TomcatWebServer  : Tomcat initialized with port 8050 (http)
2024-12-29T18:42:44.300+05:30  INFO 10068 --- [fms] [restartedMain] o.apache.catalina.core.StandardService   : Starting service [Tomcat]
2024-12-29T18:42:44.301+05:30  INFO 10068 --- [fms] [restartedMain] o.apache.catalina.core.StandardEngine    : Starting Servlet engine: [Apache Tomcat/10.1.25]
2024-12-29T18:42:44.343+05:30  INFO 10068 --- [fms] [restartedMain] o.a.c.c.C.[Tomcat].[localhost].[/]       : Initializing Spring embedded WebApplicationContext
2024-12-29T18:42:44.343+05:30  INFO 10068 --- [fms] [restartedMain] w.s.c.ServletWebServerApplicationContext : Root WebApplicationContext: initialization completed in 738 ms
2024-12-29T18:42:44.414+05:30  INFO 10068 --- [fms] [restartedMain] com.zaxxer.hikari.HikariDataSource       : HikariPool-4 - Starting...
2024-12-29T18:42:44.416+05:30  INFO 10068 --- [fms] [restartedMain] com.zaxxer.hikari.pool.HikariPool        : HikariPool-4 - Added connection conn30: url=jdbc:h2:mem:fmsdb user=SA
2024-12-29T18:42:44.417+05:30  INFO 10068 --- [fms] [restartedMain] com.zaxxer.hikari.HikariDataSource       : HikariPool-4 - Start completed.
2024-12-29T18:42:44.417+05:30  INFO 10068 --- [fms] [restartedMain] o.s.b.a.h2.H2ConsoleAutoConfiguration    : H2 console available at '/h2-console'. Database available at 'jdbc:h2:mem:fmsdb'
2024-12-29T18:42:44.485+05:30  INFO 10068 --- [fms] [restartedMain] o.hibernate.jpa.internal.util.LogHelper  : HHH000204: Processing PersistenceUnitInfo [name: default]
2024-12-29T18:42:44.488+05:30  INFO 10068 --- [fms] [restartedMain] o.h.c.internal.RegionFactoryInitiator    : HHH000026: Second-level cache disabled
2024-12-29T18:42:44.497+05:30  INFO 10068 --- [fms] [restartedMain] o.s.o.j.p.SpringPersistenceUnitInfo      : No LoadTimeWeaver setup: ignoring JPA class transformer
2024-12-29T18:42:44.498+05:30  WARN 10068 --- [fms] [restartedMain] org.hibernate.orm.deprecation            : HHH90000025: H2Dialect does not need to be specified explicitly using 'hibernate.dialect' (remove the property setting and it will be selected by default)
2024-12-29T18:42:44.599+05:30  INFO 10068 --- [fms] [restartedMain] o.h.e.t.j.p.i.JtaPlatformInitiator       : HHH000489: No JTA platform available (set 'hibernate.transaction.jta.platform' to enable JTA platform integration)
2024-12-29T18:42:44.611+05:30  INFO 10068 --- [fms] [restartedMain] j.LocalContainerEntityManagerFactoryBean : Initialized JPA EntityManagerFactory for persistence unit 'default'
2024-12-29T18:42:44.929+05:30  WARN 10068 --- [fms] [restartedMain] JpaBaseConfiguration$JpaWebConfiguration : spring.jpa.open-in-view is enabled by default. Therefore, database queries may be performed during view rendering. Explicitly configure spring.jpa.open-in-view to disable this warning
2024-12-29T18:42:45.368+05:30  INFO 10068 --- [fms] [restartedMain] o.s.b.d.a.OptionalLiveReloadServer       : LiveReload server is running on port 35729
2024-12-29T18:42:45.375+05:30  INFO 10068 --- [fms] [restartedMain] o.s.b.a.e.web.EndpointLinksResolver      : Exposing 1 endpoint beneath base path '/actuator'
2024-12-29T18:42:45.399+05:30  INFO 10068 --- [fms] [restartedMain] o.s.b.w.embedded.tomcat.TomcatWebServer  : Tomcat started on port 8050 (http) with context path '/'
2024-12-29T18:42:45.409+05:30  INFO 10068 --- [fms] [restartedMain] com.pjsoft.fms.FmsApplication            : Started FmsApplication in 1.834 seconds (process running for 657.879)
2024-12-29T18:42:45.412+05:30  INFO 10068 --- [fms] [restartedMain] .ConditionEvaluationDeltaLoggingListener : Condition evaluation unchanged
2024-12-29T18:47:54.046+05:30  INFO 10068 --- [fms] [File Watcher] rtingClassPathChangeChangedEventListener : Restarting due to 3 class path changes (0 additions, 1 deletion, 2 modifications)
2024-12-29T18:47:54.391+05:30  INFO 10068 --- [fms] [Thread-16] j.LocalContainerEntityManagerFactoryBean : Closing JPA EntityManagerFactory for persistence unit 'default'
2024-12-29T18:47:54.393+05:30  WARN 10068 --- [fms] [Thread-16] o.s.b.f.support.DisposableBeanAdapter    : Invocation of destroy method failed on bean with name 'inMemoryDatabaseShutdownExecutor': org.h2.jdbc.JdbcSQLNonTransientConnectionException: Database is already closed (to disable automatic closing at VM shutdown, add ";DB_CLOSE_ON_EXIT=FALSE" to the db URL) [90121-224]
2024-12-29T18:47:54.394+05:30  INFO 10068 --- [fms] [Thread-16] com.zaxxer.hikari.HikariDataSource       : HikariPool-4 - Shutdown initiated...
2024-12-29T18:47:54.396+05:30  INFO 10068 --- [fms] [Thread-16] com.zaxxer.hikari.HikariDataSource       : HikariPool-4 - Shutdown completed.
2024-12-29T18:47:54.490+05:30  INFO 10068 --- [fms] [restartedMain] com.pjsoft.fms.FmsApplication            : Starting FmsApplication using Java 17.0.2 with PID 10068 (C:\FMSProject\fms-backend\target\classes started by paragupta in C:\FMSProject\fms-backend)
2024-12-29T18:47:54.490+05:30 DEBUG 10068 --- [fms] [restartedMain] com.pjsoft.fms.FmsApplication            : Running with Spring Boot v3.3.1, Spring v6.1.10
2024-12-29T18:47:54.490+05:30  INFO 10068 --- [fms] [restartedMain] com.pjsoft.fms.FmsApplication            : No active profile set, falling back to 1 default profile: "default"
2024-12-29T18:47:54.868+05:30  INFO 10068 --- [fms] [restartedMain] .s.d.r.c.RepositoryConfigurationDelegate : Bootstrapping Spring Data JPA repositories in DEFAULT mode.
2024-12-29T18:47:54.904+05:30  INFO 10068 --- [fms] [restartedMain] .s.d.r.c.RepositoryConfigurationDelegate : Finished Spring Data repository scanning in 35 ms. Found 6 JPA repository interfaces.
2024-12-29T18:47:55.066+05:30  INFO 10068 --- [fms] [restartedMain] o.s.b.w.embedded.tomcat.TomcatWebServer  : Tomcat initialized with port 8050 (http)
2024-12-29T18:47:55.067+05:30  INFO 10068 --- [fms] [restartedMain] o.apache.catalina.core.StandardService   : Starting service [Tomcat]
2024-12-29T18:47:55.067+05:30  INFO 10068 --- [fms] [restartedMain] o.apache.catalina.core.StandardEngine    : Starting Servlet engine: [Apache Tomcat/10.1.25]
2024-12-29T18:47:55.103+05:30  INFO 10068 --- [fms] [restartedMain] o.a.c.c.C.[Tomcat].[localhost].[/]       : Initializing Spring embedded WebApplicationContext
2024-12-29T18:47:55.103+05:30  INFO 10068 --- [fms] [restartedMain] w.s.c.ServletWebServerApplicationContext : Root WebApplicationContext: initialization completed in 611 ms
2024-12-29T18:47:55.154+05:30  INFO 10068 --- [fms] [restartedMain] com.zaxxer.hikari.HikariDataSource       : HikariPool-5 - Starting...
2024-12-29T18:47:55.156+05:30  INFO 10068 --- [fms] [restartedMain] com.zaxxer.hikari.pool.HikariPool        : HikariPool-5 - Added connection conn40: url=jdbc:h2:mem:fmsdb user=SA
2024-12-29T18:47:55.156+05:30  INFO 10068 --- [fms] [restartedMain] com.zaxxer.hikari.HikariDataSource       : HikariPool-5 - Start completed.
2024-12-29T18:47:55.156+05:30  INFO 10068 --- [fms] [restartedMain] o.s.b.a.h2.H2ConsoleAutoConfiguration    : H2 console available at '/h2-console'. Database available at 'jdbc:h2:mem:fmsdb'
2024-12-29T18:47:55.206+05:30  INFO 10068 --- [fms] [restartedMain] o.hibernate.jpa.internal.util.LogHelper  : HHH000204: Processing PersistenceUnitInfo [name: default]
2024-12-29T18:47:55.208+05:30  INFO 10068 --- [fms] [restartedMain] o.h.c.internal.RegionFactoryInitiator    : HHH000026: Second-level cache disabled
2024-12-29T18:47:55.216+05:30  INFO 10068 --- [fms] [restartedMain] o.s.o.j.p.SpringPersistenceUnitInfo      : No LoadTimeWeaver setup: ignoring JPA class transformer
2024-12-29T18:47:55.218+05:30  WARN 10068 --- [fms] [restartedMain] org.hibernate.orm.deprecation            : HHH90000025: H2Dialect does not need to be specified explicitly using 'hibernate.dialect' (remove the property setting and it will be selected by default)
2024-12-29T18:47:55.328+05:30  INFO 10068 --- [fms] [restartedMain] o.h.e.t.j.p.i.JtaPlatformInitiator       : HHH000489: No JTA platform available (set 'hibernate.transaction.jta.platform' to enable JTA platform integration)
2024-12-29T18:47:55.343+05:30  INFO 10068 --- [fms] [restartedMain] j.LocalContainerEntityManagerFactoryBean : Initialized JPA EntityManagerFactory for persistence unit 'default'
2024-12-29T18:47:55.501+05:30  WARN 10068 --- [fms] [restartedMain] ConfigServletWebServerApplicationContext : Exception encountered during context initialization - cancelling refresh attempt: org.springframework.beans.factory.UnsatisfiedDependencyException: Error creating bean with name 'flightController': Unsatisfied dependency expressed through field 'flightService': Error creating bean with name 'flightServiceImpl': Unsatisfied dependency expressed through field 'flightMapper': No qualifying bean of type 'com.pjsoft.fms.mapper.FlightMapper' available: expected at least 1 bean which qualifies as autowire candidate. Dependency annotations: {@org.springframework.beans.factory.annotation.Autowired(required=true)}
2024-12-29T18:47:55.502+05:30  INFO 10068 --- [fms] [restartedMain] j.LocalContainerEntityManagerFactoryBean : Closing JPA EntityManagerFactory for persistence unit 'default'
2024-12-29T18:47:55.506+05:30  WARN 10068 --- [fms] [restartedMain] o.s.b.f.support.DisposableBeanAdapter    : Invocation of destroy method failed on bean with name 'inMemoryDatabaseShutdownExecutor': org.h2.jdbc.JdbcSQLNonTransientConnectionException: Database is already closed (to disable automatic closing at VM shutdown, add ";DB_CLOSE_ON_EXIT=FALSE" to the db URL) [90121-224]
2024-12-29T18:47:55.506+05:30  INFO 10068 --- [fms] [restartedMain] com.zaxxer.hikari.HikariDataSource       : HikariPool-5 - Shutdown initiated...
2024-12-29T18:47:55.516+05:30  INFO 10068 --- [fms] [restartedMain] com.zaxxer.hikari.HikariDataSource       : HikariPool-5 - Shutdown completed.
2024-12-29T18:47:55.517+05:30  INFO 10068 --- [fms] [restartedMain] o.apache.catalina.core.StandardService   : Stopping service [Tomcat]
2024-12-29T18:47:55.534+05:30  INFO 10068 --- [fms] [restartedMain] .s.b.a.l.ConditionEvaluationReportLogger : 

Error starting ApplicationContext. To display the condition evaluation report re-run your application with 'debug' enabled.
2024-12-29T18:47:55.584+05:30 ERROR 10068 --- [fms] [restartedMain] o.s.b.d.LoggingFailureAnalysisReporter   : 

***************************
APPLICATION FAILED TO START
***************************

Description:

Field flightMapper in com.pjsoft.fms.service.impl.FlightServiceImpl required a bean of type 'com.pjsoft.fms.mapper.FlightMapper' that could not be found.

The injection point has the following annotations:
	- @org.springframework.beans.factory.annotation.Autowired(required=true)


Action:

Consider defining a bean of type 'com.pjsoft.fms.mapper.FlightMapper' in your configuration.

2024-12-29T18:48:03.274+05:30  INFO 10068 --- [fms] [restartedMain] com.pjsoft.fms.FmsApplication            : Starting FmsApplication using Java 17.0.2 with PID 10068 (C:\FMSProject\fms-backend\target\classes started by paragupta in C:\FMSProject\fms-backend)
2024-12-29T18:48:03.274+05:30 DEBUG 10068 --- [fms] [restartedMain] com.pjsoft.fms.FmsApplication            : Running with Spring Boot v3.3.1, Spring v6.1.10
2024-12-29T18:48:03.275+05:30  INFO 10068 --- [fms] [restartedMain] com.pjsoft.fms.FmsApplication            : No active profile set, falling back to 1 default profile: "default"
2024-12-29T18:48:03.650+05:30  INFO 10068 --- [fms] [restartedMain] .s.d.r.c.RepositoryConfigurationDelegate : Bootstrapping Spring Data JPA repositories in DEFAULT mode.
2024-12-29T18:48:03.682+05:30  INFO 10068 --- [fms] [restartedMain] .s.d.r.c.RepositoryConfigurationDelegate : Finished Spring Data repository scanning in 32 ms. Found 6 JPA repository interfaces.
2024-12-29T18:48:03.864+05:30  INFO 10068 --- [fms] [restartedMain] o.s.b.w.embedded.tomcat.TomcatWebServer  : Tomcat initialized with port 8050 (http)
2024-12-29T18:48:03.865+05:30  INFO 10068 --- [fms] [restartedMain] o.apache.catalina.core.StandardService   : Starting service [Tomcat]
2024-12-29T18:48:03.866+05:30  INFO 10068 --- [fms] [restartedMain] o.apache.catalina.core.StandardEngine    : Starting Servlet engine: [Apache Tomcat/10.1.25]
2024-12-29T18:48:03.905+05:30  INFO 10068 --- [fms] [restartedMain] o.a.c.c.C.[Tomcat-1].[localhost].[/]     : Initializing Spring embedded WebApplicationContext
2024-12-29T18:48:03.905+05:30  INFO 10068 --- [fms] [restartedMain] w.s.c.ServletWebServerApplicationContext : Root WebApplicationContext: initialization completed in 628 ms
2024-12-29T18:48:03.971+05:30  INFO 10068 --- [fms] [restartedMain] com.zaxxer.hikari.HikariDataSource       : HikariPool-6 - Starting...
2024-12-29T18:48:03.973+05:30  INFO 10068 --- [fms] [restartedMain] com.zaxxer.hikari.pool.HikariPool        : HikariPool-6 - Added connection conn49: url=jdbc:h2:mem:fmsdb user=SA
2024-12-29T18:48:03.974+05:30  INFO 10068 --- [fms] [restartedMain] com.zaxxer.hikari.HikariDataSource       : HikariPool-6 - Start completed.
2024-12-29T18:48:03.974+05:30  INFO 10068 --- [fms] [restartedMain] o.s.b.a.h2.H2ConsoleAutoConfiguration    : H2 console available at '/h2-console'. Database available at 'jdbc:h2:mem:fmsdb'
2024-12-29T18:48:04.018+05:30  INFO 10068 --- [fms] [restartedMain] o.hibernate.jpa.internal.util.LogHelper  : HHH000204: Processing PersistenceUnitInfo [name: default]
2024-12-29T18:48:04.020+05:30  INFO 10068 --- [fms] [restartedMain] o.h.c.internal.RegionFactoryInitiator    : HHH000026: Second-level cache disabled
2024-12-29T18:48:04.028+05:30  INFO 10068 --- [fms] [restartedMain] o.s.o.j.p.SpringPersistenceUnitInfo      : No LoadTimeWeaver setup: ignoring JPA class transformer
2024-12-29T18:48:04.029+05:30  WARN 10068 --- [fms] [restartedMain] org.hibernate.orm.deprecation            : HHH90000025: H2Dialect does not need to be specified explicitly using 'hibernate.dialect' (remove the property setting and it will be selected by default)
2024-12-29T18:48:04.159+05:30  INFO 10068 --- [fms] [restartedMain] o.h.e.t.j.p.i.JtaPlatformInitiator       : HHH000489: No JTA platform available (set 'hibernate.transaction.jta.platform' to enable JTA platform integration)
2024-12-29T18:48:04.174+05:30  INFO 10068 --- [fms] [restartedMain] j.LocalContainerEntityManagerFactoryBean : Initialized JPA EntityManagerFactory for persistence unit 'default'
2024-12-29T18:48:04.463+05:30  WARN 10068 --- [fms] [restartedMain] JpaBaseConfiguration$JpaWebConfiguration : spring.jpa.open-in-view is enabled by default. Therefore, database queries may be performed during view rendering. Explicitly configure spring.jpa.open-in-view to disable this warning
2024-12-29T18:48:04.843+05:30  INFO 10068 --- [fms] [restartedMain] o.s.b.d.a.OptionalLiveReloadServer       : LiveReload server is running on port 35729
2024-12-29T18:48:04.848+05:30  INFO 10068 --- [fms] [restartedMain] o.s.b.a.e.web.EndpointLinksResolver      : Exposing 1 endpoint beneath base path '/actuator'
2024-12-29T18:48:04.876+05:30  INFO 10068 --- [fms] [restartedMain] o.s.b.w.embedded.tomcat.TomcatWebServer  : Tomcat started on port 8050 (http) with context path '/'
2024-12-29T18:48:04.885+05:30  INFO 10068 --- [fms] [restartedMain] com.pjsoft.fms.FmsApplication            : Started FmsApplication in 1.634 seconds (process running for 977.353)
2024-12-29T18:48:04.887+05:30  INFO 10068 --- [fms] [restartedMain] .ConditionEvaluationDeltaLoggingListener : Condition evaluation unchanged
2024-12-29T18:49:20.379+05:30  INFO 28372 --- [fms] [restartedMain] com.pjsoft.fms.FmsApplication            : Starting FmsApplication using Java 17.0.2 with PID 28372 (C:\FMSProject\fms-backend\target\classes started by paragupta in C:\FMSProject\fms-backend)
2024-12-29T18:49:20.384+05:30 DEBUG 28372 --- [fms] [restartedMain] com.pjsoft.fms.FmsApplication            : Running with Spring Boot v3.3.1, Spring v6.1.10
2024-12-29T18:49:20.386+05:30  INFO 28372 --- [fms] [restartedMain] com.pjsoft.fms.FmsApplication            : No active profile set, falling back to 1 default profile: "default"
2024-12-29T18:49:20.501+05:30  INFO 28372 --- [fms] [restartedMain] .e.DevToolsPropertyDefaultsPostProcessor : Devtools property defaults active! Set 'spring.devtools.add-properties' to 'false' to disable
2024-12-29T18:49:20.501+05:30  INFO 28372 --- [fms] [restartedMain] .e.DevToolsPropertyDefaultsPostProcessor : For additional web related logging consider setting the 'logging.level.web' property to 'DEBUG'
2024-12-29T18:49:22.872+05:30  INFO 28372 --- [fms] [restartedMain] .s.d.r.c.RepositoryConfigurationDelegate : Bootstrapping Spring Data JPA repositories in DEFAULT mode.
2024-12-29T18:49:23.004+05:30  INFO 28372 --- [fms] [restartedMain] .s.d.r.c.RepositoryConfigurationDelegate : Finished Spring Data repository scanning in 121 ms. Found 6 JPA repository interfaces.
2024-12-29T18:49:24.349+05:30  INFO 28372 --- [fms] [restartedMain] o.s.b.w.embedded.tomcat.TomcatWebServer  : Tomcat initialized with port 8050 (http)
2024-12-29T18:49:24.369+05:30  INFO 28372 --- [fms] [restartedMain] o.apache.catalina.core.StandardService   : Starting service [Tomcat]
2024-12-29T18:49:24.370+05:30  INFO 28372 --- [fms] [restartedMain] o.apache.catalina.core.StandardEngine    : Starting Servlet engine: [Apache Tomcat/10.1.25]
2024-12-29T18:49:24.453+05:30  INFO 28372 --- [fms] [restartedMain] o.a.c.c.C.[Tomcat].[localhost].[/]       : Initializing Spring embedded WebApplicationContext
2024-12-29T18:49:24.454+05:30  INFO 28372 --- [fms] [restartedMain] w.s.c.ServletWebServerApplicationContext : Root WebApplicationContext: initialization completed in 3951 ms
2024-12-29T18:49:24.704+05:30  INFO 28372 --- [fms] [restartedMain] com.zaxxer.hikari.HikariDataSource       : HikariPool-1 - Starting...
2024-12-29T18:49:24.950+05:30  INFO 28372 --- [fms] [restartedMain] com.zaxxer.hikari.pool.HikariPool        : HikariPool-1 - Added connection conn0: url=jdbc:h2:mem:fmsdb user=SA
2024-12-29T18:49:24.952+05:30  INFO 28372 --- [fms] [restartedMain] com.zaxxer.hikari.HikariDataSource       : HikariPool-1 - Start completed.
2024-12-29T18:49:24.968+05:30  INFO 28372 --- [fms] [restartedMain] o.s.b.a.h2.H2ConsoleAutoConfiguration    : H2 console available at '/h2-console'. Database available at 'jdbc:h2:mem:fmsdb'
2024-12-29T18:49:25.291+05:30  INFO 28372 --- [fms] [restartedMain] o.hibernate.jpa.internal.util.LogHelper  : HHH000204: Processing PersistenceUnitInfo [name: default]
2024-12-29T18:49:25.375+05:30  INFO 28372 --- [fms] [restartedMain] org.hibernate.Version                    : HHH000412: Hibernate ORM core version 6.5.2.Final
2024-12-29T18:49:25.429+05:30  INFO 28372 --- [fms] [restartedMain] o.h.c.internal.RegionFactoryInitiator    : HHH000026: Second-level cache disabled
2024-12-29T18:49:25.995+05:30  INFO 28372 --- [fms] [restartedMain] o.s.o.j.p.SpringPersistenceUnitInfo      : No LoadTimeWeaver setup: ignoring JPA class transformer
2024-12-29T18:49:26.111+05:30  WARN 28372 --- [fms] [restartedMain] org.hibernate.orm.deprecation            : HHH90000025: H2Dialect does not need to be specified explicitly using 'hibernate.dialect' (remove the property setting and it will be selected by default)
2024-12-29T18:49:27.675+05:30  INFO 28372 --- [fms] [restartedMain] o.h.e.t.j.p.i.JtaPlatformInitiator       : HHH000489: No JTA platform available (set 'hibernate.transaction.jta.platform' to enable JTA platform integration)
2024-12-29T18:49:27.732+05:30  INFO 28372 --- [fms] [restartedMain] j.LocalContainerEntityManagerFactoryBean : Initialized JPA EntityManagerFactory for persistence unit 'default'
2024-12-29T18:49:28.907+05:30  WARN 28372 --- [fms] [restartedMain] JpaBaseConfiguration$JpaWebConfiguration : spring.jpa.open-in-view is enabled by default. Therefore, database queries may be performed during view rendering. Explicitly configure spring.jpa.open-in-view to disable this warning
2024-12-29T18:49:31.048+05:30  INFO 28372 --- [fms] [restartedMain] o.s.b.d.a.OptionalLiveReloadServer       : LiveReload server is running on port 35729
2024-12-29T18:49:31.074+05:30  INFO 28372 --- [fms] [restartedMain] o.s.b.a.e.web.EndpointLinksResolver      : Exposing 1 endpoint beneath base path '/actuator'
2024-12-29T18:49:31.217+05:30  INFO 28372 --- [fms] [restartedMain] o.s.b.w.embedded.tomcat.TomcatWebServer  : Tomcat started on port 8050 (http) with context path '/'
2024-12-29T18:49:31.251+05:30  INFO 28372 --- [fms] [restartedMain] com.pjsoft.fms.FmsApplication            : Started FmsApplication in 11.589 seconds (process running for 12.477)
2024-12-29T18:50:19.409+05:30  INFO 28372 --- [fms] [http-nio-8050-exec-1] o.a.c.c.C.[Tomcat].[localhost].[/]       : Initializing Spring DispatcherServlet 'dispatcherServlet'
2024-12-29T18:50:19.409+05:30  INFO 28372 --- [fms] [http-nio-8050-exec-1] o.s.web.servlet.DispatcherServlet        : Initializing Servlet 'dispatcherServlet'
2024-12-29T18:50:19.413+05:30  INFO 28372 --- [fms] [http-nio-8050-exec-1] o.s.web.servlet.DispatcherServlet        : Completed initialization in 2 ms
2024-12-29T18:50:19.463+05:30 DEBUG 28372 --- [fms] [http-nio-8050-exec-1] c.p.fms.service.impl.FlightServiceImpl   : inside getFlightById
2024-12-29T18:54:28.510+05:30  INFO 28372 --- [fms] [File Watcher] rtingClassPathChangeChangedEventListener : Restarting due to 3 class path changes (0 additions, 1 deletion, 2 modifications)
2024-12-29T18:54:28.951+05:30  INFO 28372 --- [fms] [Thread-5] j.LocalContainerEntityManagerFactoryBean : Closing JPA EntityManagerFactory for persistence unit 'default'
2024-12-29T18:54:28.964+05:30  WARN 28372 --- [fms] [Thread-5] o.s.b.f.support.DisposableBeanAdapter    : Invocation of destroy method failed on bean with name 'inMemoryDatabaseShutdownExecutor': org.h2.jdbc.JdbcSQLNonTransientConnectionException: Database is already closed (to disable automatic closing at VM shutdown, add ";DB_CLOSE_ON_EXIT=FALSE" to the db URL) [90121-224]
2024-12-29T18:54:28.964+05:30  INFO 28372 --- [fms] [Thread-5] com.zaxxer.hikari.HikariDataSource       : HikariPool-1 - Shutdown initiated...
2024-12-29T18:54:28.968+05:30  INFO 28372 --- [fms] [Thread-5] com.zaxxer.hikari.HikariDataSource       : HikariPool-1 - Shutdown completed.
2024-12-29T18:54:29.069+05:30  INFO 28372 --- [fms] [restartedMain] com.pjsoft.fms.FmsApplication            : Starting FmsApplication using Java 17.0.2 with PID 28372 (C:\FMSProject\fms-backend\target\classes started by paragupta in C:\FMSProject\fms-backend)
2024-12-29T18:54:29.070+05:30 DEBUG 28372 --- [fms] [restartedMain] com.pjsoft.fms.FmsApplication            : Running with Spring Boot v3.3.1, Spring v6.1.10
2024-12-29T18:54:29.070+05:30  INFO 28372 --- [fms] [restartedMain] com.pjsoft.fms.FmsApplication            : No active profile set, falling back to 1 default profile: "default"
2024-12-29T18:54:29.601+05:30  INFO 28372 --- [fms] [restartedMain] .s.d.r.c.RepositoryConfigurationDelegate : Bootstrapping Spring Data JPA repositories in DEFAULT mode.
2024-12-29T18:54:29.708+05:30  INFO 28372 --- [fms] [restartedMain] .s.d.r.c.RepositoryConfigurationDelegate : Finished Spring Data repository scanning in 106 ms. Found 6 JPA repository interfaces.
2024-12-29T18:54:29.978+05:30  INFO 28372 --- [fms] [restartedMain] o.s.b.w.embedded.tomcat.TomcatWebServer  : Tomcat initialized with port 8050 (http)
2024-12-29T18:54:29.979+05:30  INFO 28372 --- [fms] [restartedMain] o.apache.catalina.core.StandardService   : Starting service [Tomcat]
2024-12-29T18:54:29.979+05:30  INFO 28372 --- [fms] [restartedMain] o.apache.catalina.core.StandardEngine    : Starting Servlet engine: [Apache Tomcat/10.1.25]
2024-12-29T18:54:30.025+05:30  INFO 28372 --- [fms] [restartedMain] o.a.c.c.C.[Tomcat].[localhost].[/]       : Initializing Spring embedded WebApplicationContext
2024-12-29T18:54:30.026+05:30  INFO 28372 --- [fms] [restartedMain] w.s.c.ServletWebServerApplicationContext : Root WebApplicationContext: initialization completed in 952 ms
2024-12-29T18:54:30.116+05:30  INFO 28372 --- [fms] [restartedMain] com.zaxxer.hikari.HikariDataSource       : HikariPool-2 - Starting...
2024-12-29T18:54:30.119+05:30  INFO 28372 --- [fms] [restartedMain] com.zaxxer.hikari.pool.HikariPool        : HikariPool-2 - Added connection conn10: url=jdbc:h2:mem:fmsdb user=SA
2024-12-29T18:54:30.120+05:30  INFO 28372 --- [fms] [restartedMain] com.zaxxer.hikari.HikariDataSource       : HikariPool-2 - Start completed.
2024-12-29T18:54:30.120+05:30  INFO 28372 --- [fms] [restartedMain] o.s.b.a.h2.H2ConsoleAutoConfiguration    : H2 console available at '/h2-console'. Database available at 'jdbc:h2:mem:fmsdb'
2024-12-29T18:54:30.217+05:30  INFO 28372 --- [fms] [restartedMain] o.hibernate.jpa.internal.util.LogHelper  : HHH000204: Processing PersistenceUnitInfo [name: default]
2024-12-29T18:54:30.222+05:30  INFO 28372 --- [fms] [restartedMain] o.h.c.internal.RegionFactoryInitiator    : HHH000026: Second-level cache disabled
2024-12-29T18:54:30.243+05:30  INFO 28372 --- [fms] [restartedMain] o.s.o.j.p.SpringPersistenceUnitInfo      : No LoadTimeWeaver setup: ignoring JPA class transformer
2024-12-29T18:54:30.245+05:30  WARN 28372 --- [fms] [restartedMain] org.hibernate.orm.deprecation            : HHH90000025: H2Dialect does not need to be specified explicitly using 'hibernate.dialect' (remove the property setting and it will be selected by default)
2024-12-29T18:54:30.420+05:30  INFO 28372 --- [fms] [restartedMain] o.h.e.t.j.p.i.JtaPlatformInitiator       : HHH000489: No JTA platform available (set 'hibernate.transaction.jta.platform' to enable JTA platform integration)
2024-12-29T18:54:30.439+05:30  INFO 28372 --- [fms] [restartedMain] j.LocalContainerEntityManagerFactoryBean : Initialized JPA EntityManagerFactory for persistence unit 'default'
2024-12-29T18:54:30.635+05:30  WARN 28372 --- [fms] [restartedMain] ConfigServletWebServerApplicationContext : Exception encountered during context initialization - cancelling refresh attempt: org.springframework.beans.factory.UnsatisfiedDependencyException: Error creating bean with name 'flightController': Unsatisfied dependency expressed through field 'flightService': Error creating bean with name 'flightServiceImpl': Unsatisfied dependency expressed through field 'flightMapper': No qualifying bean of type 'com.pjsoft.fms.mapper.FlightMapper' available: expected at least 1 bean which qualifies as autowire candidate. Dependency annotations: {@org.springframework.beans.factory.annotation.Autowired(required=true)}
2024-12-29T18:54:30.636+05:30  INFO 28372 --- [fms] [restartedMain] j.LocalContainerEntityManagerFactoryBean : Closing JPA EntityManagerFactory for persistence unit 'default'
2024-12-29T18:54:30.642+05:30  WARN 28372 --- [fms] [restartedMain] o.s.b.f.support.DisposableBeanAdapter    : Invocation of destroy method failed on bean with name 'inMemoryDatabaseShutdownExecutor': org.h2.jdbc.JdbcSQLNonTransientConnectionException: Database is already closed (to disable automatic closing at VM shutdown, add ";DB_CLOSE_ON_EXIT=FALSE" to the db URL) [90121-224]
2024-12-29T18:54:30.642+05:30  INFO 28372 --- [fms] [restartedMain] com.zaxxer.hikari.HikariDataSource       : HikariPool-2 - Shutdown initiated...
2024-12-29T18:54:30.643+05:30  INFO 28372 --- [fms] [restartedMain] com.zaxxer.hikari.HikariDataSource       : HikariPool-2 - Shutdown completed.
2024-12-29T18:54:30.644+05:30  INFO 28372 --- [fms] [restartedMain] o.apache.catalina.core.StandardService   : Stopping service [Tomcat]
2024-12-29T18:54:30.663+05:30  INFO 28372 --- [fms] [restartedMain] .s.b.a.l.ConditionEvaluationReportLogger : 

Error starting ApplicationContext. To display the condition evaluation report re-run your application with 'debug' enabled.
2024-12-29T18:54:30.701+05:30 ERROR 28372 --- [fms] [restartedMain] o.s.b.d.LoggingFailureAnalysisReporter   : 

***************************
APPLICATION FAILED TO START
***************************

Description:

Field flightMapper in com.pjsoft.fms.service.impl.FlightServiceImpl required a bean of type 'com.pjsoft.fms.mapper.FlightMapper' that could not be found.

The injection point has the following annotations:
	- @org.springframework.beans.factory.annotation.Autowired(required=true)


Action:

Consider defining a bean of type 'com.pjsoft.fms.mapper.FlightMapper' in your configuration.

2024-12-29T18:54:33.229+05:30  INFO 28372 --- [fms] [restartedMain] com.pjsoft.fms.FmsApplication            : Starting FmsApplication using Java 17.0.2 with PID 28372 (C:\FMSProject\fms-backend\target\classes started by paragupta in C:\FMSProject\fms-backend)
2024-12-29T18:54:33.229+05:30 DEBUG 28372 --- [fms] [restartedMain] com.pjsoft.fms.FmsApplication            : Running with Spring Boot v3.3.1, Spring v6.1.10
2024-12-29T18:54:33.229+05:30  INFO 28372 --- [fms] [restartedMain] com.pjsoft.fms.FmsApplication            : No active profile set, falling back to 1 default profile: "default"
2024-12-29T18:54:33.750+05:30  INFO 28372 --- [fms] [restartedMain] .s.d.r.c.RepositoryConfigurationDelegate : Bootstrapping Spring Data JPA repositories in DEFAULT mode.
2024-12-29T18:54:33.788+05:30  INFO 28372 --- [fms] [restartedMain] .s.d.r.c.RepositoryConfigurationDelegate : Finished Spring Data repository scanning in 37 ms. Found 6 JPA repository interfaces.
2024-12-29T18:54:33.961+05:30  INFO 28372 --- [fms] [restartedMain] o.s.b.w.embedded.tomcat.TomcatWebServer  : Tomcat initialized with port 8050 (http)
2024-12-29T18:54:33.962+05:30  INFO 28372 --- [fms] [restartedMain] o.apache.catalina.core.StandardService   : Starting service [Tomcat]
2024-12-29T18:54:33.962+05:30  INFO 28372 --- [fms] [restartedMain] o.apache.catalina.core.StandardEngine    : Starting Servlet engine: [Apache Tomcat/10.1.25]
2024-12-29T18:54:33.987+05:30  INFO 28372 --- [fms] [restartedMain] o.a.c.c.C.[Tomcat-1].[localhost].[/]     : Initializing Spring embedded WebApplicationContext
2024-12-29T18:54:33.987+05:30  INFO 28372 --- [fms] [restartedMain] w.s.c.ServletWebServerApplicationContext : Root WebApplicationContext: initialization completed in 755 ms
2024-12-29T18:54:34.052+05:30  INFO 28372 --- [fms] [restartedMain] com.zaxxer.hikari.HikariDataSource       : HikariPool-3 - Starting...
2024-12-29T18:54:34.054+05:30  INFO 28372 --- [fms] [restartedMain] com.zaxxer.hikari.pool.HikariPool        : HikariPool-3 - Added connection conn20: url=jdbc:h2:mem:fmsdb user=SA
2024-12-29T18:54:34.054+05:30  INFO 28372 --- [fms] [restartedMain] com.zaxxer.hikari.HikariDataSource       : HikariPool-3 - Start completed.
2024-12-29T18:54:34.054+05:30  INFO 28372 --- [fms] [restartedMain] o.s.b.a.h2.H2ConsoleAutoConfiguration    : H2 console available at '/h2-console'. Database available at 'jdbc:h2:mem:fmsdb'
2024-12-29T18:54:34.127+05:30  INFO 28372 --- [fms] [restartedMain] o.hibernate.jpa.internal.util.LogHelper  : HHH000204: Processing PersistenceUnitInfo [name: default]
2024-12-29T18:54:34.130+05:30  INFO 28372 --- [fms] [restartedMain] o.h.c.internal.RegionFactoryInitiator    : HHH000026: Second-level cache disabled
2024-12-29T18:54:34.139+05:30  INFO 28372 --- [fms] [restartedMain] o.s.o.j.p.SpringPersistenceUnitInfo      : No LoadTimeWeaver setup: ignoring JPA class transformer
2024-12-29T18:54:34.141+05:30  WARN 28372 --- [fms] [restartedMain] org.hibernate.orm.deprecation            : HHH90000025: H2Dialect does not need to be specified explicitly using 'hibernate.dialect' (remove the property setting and it will be selected by default)
2024-12-29T18:54:34.252+05:30  INFO 28372 --- [fms] [restartedMain] o.h.e.t.j.p.i.JtaPlatformInitiator       : HHH000489: No JTA platform available (set 'hibernate.transaction.jta.platform' to enable JTA platform integration)
2024-12-29T18:54:34.264+05:30  INFO 28372 --- [fms] [restartedMain] j.LocalContainerEntityManagerFactoryBean : Initialized JPA EntityManagerFactory for persistence unit 'default'
2024-12-29T18:54:34.588+05:30  WARN 28372 --- [fms] [restartedMain] JpaBaseConfiguration$JpaWebConfiguration : spring.jpa.open-in-view is enabled by default. Therefore, database queries may be performed during view rendering. Explicitly configure spring.jpa.open-in-view to disable this warning
2024-12-29T18:54:35.084+05:30  INFO 28372 --- [fms] [restartedMain] o.s.b.d.a.OptionalLiveReloadServer       : LiveReload server is running on port 35729
2024-12-29T18:54:35.092+05:30  INFO 28372 --- [fms] [restartedMain] o.s.b.a.e.web.EndpointLinksResolver      : Exposing 1 endpoint beneath base path '/actuator'
2024-12-29T18:54:35.121+05:30  INFO 28372 --- [fms] [restartedMain] o.s.b.w.embedded.tomcat.TomcatWebServer  : Tomcat started on port 8050 (http) with context path '/'
2024-12-29T18:54:35.135+05:30  INFO 28372 --- [fms] [restartedMain] com.pjsoft.fms.FmsApplication            : Started FmsApplication in 1.935 seconds (process running for 316.353)
2024-12-29T18:54:35.140+05:30  INFO 28372 --- [fms] [restartedMain] .ConditionEvaluationDeltaLoggingListener : Condition evaluation unchanged
2024-12-29T18:54:44.831+05:30  INFO 28372 --- [fms] [File Watcher] rtingClassPathChangeChangedEventListener : Restarting due to 58 class path changes (0 additions, 57 deletions, 1 modification)
2024-12-29T18:54:45.464+05:30  INFO 28372 --- [fms] [Thread-7] j.LocalContainerEntityManagerFactoryBean : Closing JPA EntityManagerFactory for persistence unit 'default'
2024-12-29T18:54:45.469+05:30  WARN 28372 --- [fms] [Thread-7] o.s.b.f.support.DisposableBeanAdapter    : Invocation of destroy method failed on bean with name 'inMemoryDatabaseShutdownExecutor': org.h2.jdbc.JdbcSQLNonTransientConnectionException: Database is already closed (to disable automatic closing at VM shutdown, add ";DB_CLOSE_ON_EXIT=FALSE" to the db URL) [90121-224]
2024-12-29T18:54:45.470+05:30  INFO 28372 --- [fms] [Thread-7] com.zaxxer.hikari.HikariDataSource       : HikariPool-3 - Shutdown initiated...
2024-12-29T18:54:45.474+05:30  INFO 28372 --- [fms] [Thread-7] com.zaxxer.hikari.HikariDataSource       : HikariPool-3 - Shutdown completed.
2024-12-29T18:54:45.601+05:30  INFO 28372 --- [fms] [restartedMain] com.pjsoft.fms.FmsApplication            : Starting FmsApplication using Java 17.0.2 with PID 28372 (C:\FMSProject\fms-backend\target\classes started by paragupta in C:\FMSProject\fms-backend)
2024-12-29T18:54:45.602+05:30 DEBUG 28372 --- [fms] [restartedMain] com.pjsoft.fms.FmsApplication            : Running with Spring Boot v3.3.1, Spring v6.1.10
2024-12-29T18:54:45.602+05:30  INFO 28372 --- [fms] [restartedMain] com.pjsoft.fms.FmsApplication            : No active profile set, falling back to 1 default profile: "default"
2024-12-29T18:55:10.564+05:30  INFO 28448 --- [fms] [restartedMain] com.pjsoft.fms.FmsApplication            : Starting FmsApplication using Java 17.0.2 with PID 28448 (C:\FMSProject\fms-backend\target\classes started by paragupta in C:\FMSProject\fms-backend)
2024-12-29T18:55:10.570+05:30 DEBUG 28448 --- [fms] [restartedMain] com.pjsoft.fms.FmsApplication            : Running with Spring Boot v3.3.1, Spring v6.1.10
2024-12-29T18:55:10.572+05:30  INFO 28448 --- [fms] [restartedMain] com.pjsoft.fms.FmsApplication            : No active profile set, falling back to 1 default profile: "default"
2024-12-29T18:55:10.692+05:30  INFO 28448 --- [fms] [restartedMain] .e.DevToolsPropertyDefaultsPostProcessor : Devtools property defaults active! Set 'spring.devtools.add-properties' to 'false' to disable
2024-12-29T18:55:10.692+05:30  INFO 28448 --- [fms] [restartedMain] .e.DevToolsPropertyDefaultsPostProcessor : For additional web related logging consider setting the 'logging.level.web' property to 'DEBUG'
2024-12-29T18:55:12.773+05:30  INFO 28448 --- [fms] [restartedMain] .s.d.r.c.RepositoryConfigurationDelegate : Bootstrapping Spring Data JPA repositories in DEFAULT mode.
2024-12-29T18:55:12.953+05:30  INFO 28448 --- [fms] [restartedMain] .s.d.r.c.RepositoryConfigurationDelegate : Finished Spring Data repository scanning in 164 ms. Found 6 JPA repository interfaces.
2024-12-29T18:55:14.667+05:30  INFO 28448 --- [fms] [restartedMain] o.s.b.w.embedded.tomcat.TomcatWebServer  : Tomcat initialized with port 8050 (http)
2024-12-29T18:55:14.694+05:30  INFO 28448 --- [fms] [restartedMain] o.apache.catalina.core.StandardService   : Starting service [Tomcat]
2024-12-29T18:55:14.695+05:30  INFO 28448 --- [fms] [restartedMain] o.apache.catalina.core.StandardEngine    : Starting Servlet engine: [Apache Tomcat/10.1.25]
2024-12-29T18:55:14.812+05:30  INFO 28448 --- [fms] [restartedMain] o.a.c.c.C.[Tomcat].[localhost].[/]       : Initializing Spring embedded WebApplicationContext
2024-12-29T18:55:14.813+05:30  INFO 28448 --- [fms] [restartedMain] w.s.c.ServletWebServerApplicationContext : Root WebApplicationContext: initialization completed in 4118 ms
2024-12-29T18:55:15.121+05:30  INFO 28448 --- [fms] [restartedMain] com.zaxxer.hikari.HikariDataSource       : HikariPool-1 - Starting...
2024-12-29T18:55:15.473+05:30  INFO 28448 --- [fms] [restartedMain] com.zaxxer.hikari.pool.HikariPool        : HikariPool-1 - Added connection conn0: url=jdbc:h2:mem:fmsdb user=SA
2024-12-29T18:55:15.476+05:30  INFO 28448 --- [fms] [restartedMain] com.zaxxer.hikari.HikariDataSource       : HikariPool-1 - Start completed.
2024-12-29T18:55:15.502+05:30  INFO 28448 --- [fms] [restartedMain] o.s.b.a.h2.H2ConsoleAutoConfiguration    : H2 console available at '/h2-console'. Database available at 'jdbc:h2:mem:fmsdb'
2024-12-29T18:55:15.943+05:30  INFO 28448 --- [fms] [restartedMain] o.hibernate.jpa.internal.util.LogHelper  : HHH000204: Processing PersistenceUnitInfo [name: default]
2024-12-29T18:55:16.032+05:30  INFO 28448 --- [fms] [restartedMain] org.hibernate.Version                    : HHH000412: Hibernate ORM core version 6.5.2.Final
2024-12-29T18:55:16.091+05:30  INFO 28448 --- [fms] [restartedMain] o.h.c.internal.RegionFactoryInitiator    : HHH000026: Second-level cache disabled
2024-12-29T18:55:16.519+05:30  INFO 28448 --- [fms] [restartedMain] o.s.o.j.p.SpringPersistenceUnitInfo      : No LoadTimeWeaver setup: ignoring JPA class transformer
2024-12-29T18:55:16.580+05:30  WARN 28448 --- [fms] [restartedMain] org.hibernate.orm.deprecation            : HHH90000025: H2Dialect does not need to be specified explicitly using 'hibernate.dialect' (remove the property setting and it will be selected by default)
2024-12-29T18:55:17.835+05:30  INFO 28448 --- [fms] [restartedMain] o.h.e.t.j.p.i.JtaPlatformInitiator       : HHH000489: No JTA platform available (set 'hibernate.transaction.jta.platform' to enable JTA platform integration)
2024-12-29T18:55:17.897+05:30  INFO 28448 --- [fms] [restartedMain] j.LocalContainerEntityManagerFactoryBean : Initialized JPA EntityManagerFactory for persistence unit 'default'
2024-12-29T18:55:19.003+05:30  WARN 28448 --- [fms] [restartedMain] JpaBaseConfiguration$JpaWebConfiguration : spring.jpa.open-in-view is enabled by default. Therefore, database queries may be performed during view rendering. Explicitly configure spring.jpa.open-in-view to disable this warning
2024-12-29T18:55:20.265+05:30  INFO 28448 --- [fms] [restartedMain] o.s.b.d.a.OptionalLiveReloadServer       : LiveReload server is running on port 35729
2024-12-29T18:55:20.283+05:30  INFO 28448 --- [fms] [restartedMain] o.s.b.a.e.web.EndpointLinksResolver      : Exposing 1 endpoint beneath base path '/actuator'
2024-12-29T18:55:20.416+05:30  INFO 28448 --- [fms] [restartedMain] o.s.b.w.embedded.tomcat.TomcatWebServer  : Tomcat started on port 8050 (http) with context path '/'
2024-12-29T18:55:20.451+05:30  INFO 28448 --- [fms] [restartedMain] com.pjsoft.fms.FmsApplication            : Started FmsApplication in 10.724 seconds (process running for 11.864)
2024-12-29T18:55:25.883+05:30  INFO 28448 --- [fms] [http-nio-8050-exec-2] o.a.c.c.C.[Tomcat].[localhost].[/]       : Initializing Spring DispatcherServlet 'dispatcherServlet'
2024-12-29T18:55:25.883+05:30  INFO 28448 --- [fms] [http-nio-8050-exec-2] o.s.web.servlet.DispatcherServlet        : Initializing Servlet 'dispatcherServlet'
2024-12-29T18:55:25.885+05:30  INFO 28448 --- [fms] [http-nio-8050-exec-2] o.s.web.servlet.DispatcherServlet        : Completed initialization in 2 ms
2024-12-29T18:55:25.951+05:30 DEBUG 28448 --- [fms] [http-nio-8050-exec-2] c.p.fms.service.impl.FlightServiceImpl   : inside getFlightById
2024-12-29T19:21:40.069+05:30  INFO 28448 --- [fms] [File Watcher] rtingClassPathChangeChangedEventListener : Restarting due to 58 class path changes (0 additions, 57 deletions, 1 modification)
2024-12-29T19:21:40.939+05:30  INFO 28448 --- [fms] [Thread-5] j.LocalContainerEntityManagerFactoryBean : Closing JPA EntityManagerFactory for persistence unit 'default'
2024-12-29T19:21:40.958+05:30  WARN 28448 --- [fms] [Thread-5] o.s.b.f.support.DisposableBeanAdapter    : Invocation of destroy method failed on bean with name 'inMemoryDatabaseShutdownExecutor': org.h2.jdbc.JdbcSQLNonTransientConnectionException: Database is already closed (to disable automatic closing at VM shutdown, add ";DB_CLOSE_ON_EXIT=FALSE" to the db URL) [90121-224]
2024-12-29T19:21:40.960+05:30  INFO 28448 --- [fms] [Thread-5] com.zaxxer.hikari.HikariDataSource       : HikariPool-1 - Shutdown initiated...
2024-12-29T19:21:40.965+05:30  INFO 28448 --- [fms] [Thread-5] com.zaxxer.hikari.HikariDataSource       : HikariPool-1 - Shutdown completed.
2024-12-29T19:21:41.163+05:30  INFO 28448 --- [fms] [restartedMain] com.pjsoft.fms.FmsApplication            : Starting FmsApplication using Java 17.0.2 with PID 28448 (C:\FMSProject\fms-backend\target\classes started by paragupta in C:\FMSProject\fms-backend)
2024-12-29T19:21:41.163+05:30 DEBUG 28448 --- [fms] [restartedMain] com.pjsoft.fms.FmsApplication            : Running with Spring Boot v3.3.1, Spring v6.1.10
2024-12-29T19:21:41.164+05:30  INFO 28448 --- [fms] [restartedMain] com.pjsoft.fms.FmsApplication            : No active profile set, falling back to 1 default profile: "default"
2024-12-29T19:21:42.319+05:30  INFO 28448 --- [fms] [restartedMain] .s.d.r.c.RepositoryConfigurationDelegate : Bootstrapping Spring Data JPA repositories in DEFAULT mode.
2024-12-29T19:21:42.326+05:30  INFO 28448 --- [fms] [restartedMain] .s.d.r.c.RepositoryConfigurationDelegate : Finished Spring Data repository scanning in 6 ms. Found 0 JPA repository interfaces.
2024-12-29T19:21:42.873+05:30  INFO 28448 --- [fms] [restartedMain] o.s.b.w.embedded.tomcat.TomcatWebServer  : Tomcat initialized with port 8050 (http)
2024-12-29T19:21:42.874+05:30  INFO 28448 --- [fms] [restartedMain] o.apache.catalina.core.StandardService   : Starting service [Tomcat]
2024-12-29T19:21:42.875+05:30  INFO 28448 --- [fms] [restartedMain] o.apache.catalina.core.StandardEngine    : Starting Servlet engine: [Apache Tomcat/10.1.25]
2024-12-29T19:21:42.967+05:30  INFO 28448 --- [fms] [restartedMain] o.a.c.c.C.[Tomcat].[localhost].[/]       : Initializing Spring embedded WebApplicationContext
2024-12-29T19:21:42.968+05:30  INFO 28448 --- [fms] [restartedMain] w.s.c.ServletWebServerApplicationContext : Root WebApplicationContext: initialization completed in 1798 ms
2024-12-29T19:21:43.184+05:30  INFO 28448 --- [fms] [restartedMain] com.zaxxer.hikari.HikariDataSource       : HikariPool-2 - Starting...
2024-12-29T19:21:43.189+05:30  INFO 28448 --- [fms] [restartedMain] com.zaxxer.hikari.pool.HikariPool        : HikariPool-2 - Added connection conn10: url=jdbc:h2:mem:fmsdb user=SA
2024-12-29T19:21:43.190+05:30  INFO 28448 --- [fms] [restartedMain] com.zaxxer.hikari.HikariDataSource       : HikariPool-2 - Start completed.
2024-12-29T19:21:43.190+05:30  INFO 28448 --- [fms] [restartedMain] o.s.b.a.h2.H2ConsoleAutoConfiguration    : H2 console available at '/h2-console'. Database available at 'jdbc:h2:mem:fmsdb'
2024-12-29T19:21:43.380+05:30  INFO 28448 --- [fms] [restartedMain] o.hibernate.jpa.internal.util.LogHelper  : HHH000204: Processing PersistenceUnitInfo [name: default]
2024-12-29T19:21:43.386+05:30  INFO 28448 --- [fms] [restartedMain] o.h.c.internal.RegionFactoryInitiator    : HHH000026: Second-level cache disabled
2024-12-29T19:21:43.420+05:30  INFO 28448 --- [fms] [restartedMain] o.s.o.j.p.SpringPersistenceUnitInfo      : No LoadTimeWeaver setup: ignoring JPA class transformer
2024-12-29T19:21:43.423+05:30  WARN 28448 --- [fms] [restartedMain] org.hibernate.orm.deprecation            : HHH90000025: H2Dialect does not need to be specified explicitly using 'hibernate.dialect' (remove the property setting and it will be selected by default)
2024-12-29T19:21:43.514+05:30  INFO 28448 --- [fms] [restartedMain] o.h.e.t.j.p.i.JtaPlatformInitiator       : HHH000489: No JTA platform available (set 'hibernate.transaction.jta.platform' to enable JTA platform integration)
2024-12-29T19:21:43.515+05:30  INFO 28448 --- [fms] [restartedMain] j.LocalContainerEntityManagerFactoryBean : Initialized JPA EntityManagerFactory for persistence unit 'default'
2024-12-29T19:21:43.762+05:30  WARN 28448 --- [fms] [restartedMain] JpaBaseConfiguration$JpaWebConfiguration : spring.jpa.open-in-view is enabled by default. Therefore, database queries may be performed during view rendering. Explicitly configure spring.jpa.open-in-view to disable this warning
2024-12-29T19:21:44.836+05:30  INFO 28448 --- [fms] [restartedMain] o.s.b.d.a.OptionalLiveReloadServer       : LiveReload server is running on port 35729
2024-12-29T19:21:44.849+05:30  INFO 28448 --- [fms] [restartedMain] o.s.b.a.e.web.EndpointLinksResolver      : Exposing 1 endpoint beneath base path '/actuator'
2024-12-29T19:21:44.896+05:30  INFO 28448 --- [fms] [restartedMain] o.s.b.w.embedded.tomcat.TomcatWebServer  : Tomcat started on port 8050 (http) with context path '/'
2024-12-29T19:21:44.917+05:30  INFO 28448 --- [fms] [restartedMain] com.pjsoft.fms.FmsApplication            : Started FmsApplication in 3.842 seconds (process running for 1596.297)
2024-12-29T19:21:44.923+05:30  INFO 28448 --- [fms] [restartedMain] .ConditionEvaluationDeltaLoggingListener : Condition evaluation unchanged
2024-12-29T19:21:57.943+05:30  INFO 28448 --- [fms] [File Watcher] rtingClassPathChangeChangedEventListener : Restarting due to 61 class path changes (58 additions, 3 deletions, 0 modifications)
2024-12-29T19:21:58.544+05:30  INFO 28448 --- [fms] [Thread-7] j.LocalContainerEntityManagerFactoryBean : Closing JPA EntityManagerFactory for persistence unit 'default'
2024-12-29T19:21:58.545+05:30  WARN 28448 --- [fms] [Thread-7] o.s.b.f.support.DisposableBeanAdapter    : Invocation of destroy method failed on bean with name 'inMemoryDatabaseShutdownExecutor': org.h2.jdbc.JdbcSQLNonTransientConnectionException: Database is already closed (to disable automatic closing at VM shutdown, add ";DB_CLOSE_ON_EXIT=FALSE" to the db URL) [90121-224]
2024-12-29T19:21:58.546+05:30  INFO 28448 --- [fms] [Thread-7] com.zaxxer.hikari.HikariDataSource       : HikariPool-2 - Shutdown initiated...
2024-12-29T19:21:58.548+05:30  INFO 28448 --- [fms] [Thread-7] com.zaxxer.hikari.HikariDataSource       : HikariPool-2 - Shutdown completed.
2024-12-29T19:22:10.036+05:30  INFO 28448 --- [fms] [restartedMain] com.pjsoft.fms.FmsApplication            : Starting FmsApplication using Java 17.0.2 with PID 28448 (C:\FMSProject\fms-backend\target\classes started by paragupta in C:\FMSProject\fms-backend)
2024-12-29T19:22:10.040+05:30 DEBUG 28448 --- [fms] [restartedMain] com.pjsoft.fms.FmsApplication            : Running with Spring Boot v3.3.1, Spring v6.1.10
2024-12-29T19:22:10.041+05:30  INFO 28448 --- [fms] [restartedMain] com.pjsoft.fms.FmsApplication            : No active profile set, falling back to 1 default profile: "default"
2024-12-29T19:22:10.711+05:30  INFO 28448 --- [fms] [restartedMain] .s.d.r.c.RepositoryConfigurationDelegate : Bootstrapping Spring Data JPA repositories in DEFAULT mode.
2024-12-29T19:22:10.714+05:30  INFO 28448 --- [fms] [restartedMain] .s.d.r.c.RepositoryConfigurationDelegate : Finished Spring Data repository scanning in 2 ms. Found 0 JPA repository interfaces.
2024-12-29T19:22:11.057+05:30  INFO 28448 --- [fms] [restartedMain] o.s.b.w.embedded.tomcat.TomcatWebServer  : Tomcat initialized with port 8050 (http)
2024-12-29T19:22:11.059+05:30  INFO 28448 --- [fms] [restartedMain] o.apache.catalina.core.StandardService   : Starting service [Tomcat]
2024-12-29T19:22:11.059+05:30  INFO 28448 --- [fms] [restartedMain] o.apache.catalina.core.StandardEngine    : Starting Servlet engine: [Apache Tomcat/10.1.25]
2024-12-29T19:22:11.100+05:30  INFO 28448 --- [fms] [restartedMain] o.a.c.c.C.[Tomcat-2].[localhost].[/]     : Initializing Spring embedded WebApplicationContext
2024-12-29T19:22:11.100+05:30  INFO 28448 --- [fms] [restartedMain] w.s.c.ServletWebServerApplicationContext : Root WebApplicationContext: initialization completed in 1055 ms
2024-12-29T19:22:11.185+05:30  INFO 28448 --- [fms] [restartedMain] com.zaxxer.hikari.HikariDataSource       : HikariPool-5 - Starting...
2024-12-29T19:22:11.194+05:30  INFO 28448 --- [fms] [restartedMain] com.zaxxer.hikari.pool.HikariPool        : HikariPool-5 - Added connection conn40: url=jdbc:h2:mem:fmsdb user=SA
2024-12-29T19:22:11.194+05:30  INFO 28448 --- [fms] [restartedMain] com.zaxxer.hikari.HikariDataSource       : HikariPool-5 - Start completed.
2024-12-29T19:22:11.194+05:30  INFO 28448 --- [fms] [restartedMain] o.s.b.a.h2.H2ConsoleAutoConfiguration    : H2 console available at '/h2-console'. Database available at 'jdbc:h2:mem:fmsdb'
2024-12-29T19:22:11.288+05:30  INFO 28448 --- [fms] [restartedMain] o.hibernate.jpa.internal.util.LogHelper  : HHH000204: Processing PersistenceUnitInfo [name: default]
2024-12-29T19:22:11.293+05:30  INFO 28448 --- [fms] [restartedMain] o.h.c.internal.RegionFactoryInitiator    : HHH000026: Second-level cache disabled
2024-12-29T19:22:11.311+05:30  INFO 28448 --- [fms] [restartedMain] o.s.o.j.p.SpringPersistenceUnitInfo      : No LoadTimeWeaver setup: ignoring JPA class transformer
2024-12-29T19:22:11.314+05:30  WARN 28448 --- [fms] [restartedMain] org.hibernate.orm.deprecation            : HHH90000025: H2Dialect does not need to be specified explicitly using 'hibernate.dialect' (remove the property setting and it will be selected by default)
2024-12-29T19:22:11.347+05:30  INFO 28448 --- [fms] [restartedMain] o.h.e.t.j.p.i.JtaPlatformInitiator       : HHH000489: No JTA platform available (set 'hibernate.transaction.jta.platform' to enable JTA platform integration)
2024-12-29T19:22:11.347+05:30  INFO 28448 --- [fms] [restartedMain] j.LocalContainerEntityManagerFactoryBean : Initialized JPA EntityManagerFactory for persistence unit 'default'
2024-12-29T19:22:11.470+05:30  WARN 28448 --- [fms] [restartedMain] JpaBaseConfiguration$JpaWebConfiguration : spring.jpa.open-in-view is enabled by default. Therefore, database queries may be performed during view rendering. Explicitly configure spring.jpa.open-in-view to disable this warning
2024-12-29T19:22:11.979+05:30  INFO 28448 --- [fms] [restartedMain] o.s.b.d.a.OptionalLiveReloadServer       : LiveReload server is running on port 35729
2024-12-29T19:22:11.988+05:30  INFO 28448 --- [fms] [restartedMain] o.s.b.a.e.web.EndpointLinksResolver      : Exposing 1 endpoint beneath base path '/actuator'
2024-12-29T19:22:12.043+05:30  INFO 28448 --- [fms] [restartedMain] o.s.b.w.embedded.tomcat.TomcatWebServer  : Tomcat started on port 8050 (http) with context path '/'
2024-12-29T19:22:12.058+05:30  INFO 28448 --- [fms] [restartedMain] com.pjsoft.fms.FmsApplication            : Started FmsApplication in 2.076 seconds (process running for 1623.439)
2024-12-29T19:22:12.062+05:30  INFO 28448 --- [fms] [restartedMain] .ConditionEvaluationDeltaLoggingListener : Condition evaluation unchanged
2024-12-29T19:22:15.908+05:30  INFO 28448 --- [fms] [File Watcher] rtingClassPathChangeChangedEventListener : Restarting due to 57 class path changes (57 additions, 0 deletions, 0 modifications)
2024-12-29T19:22:16.370+05:30  INFO 28448 --- [fms] [Thread-12] j.LocalContainerEntityManagerFactoryBean : Closing JPA EntityManagerFactory for persistence unit 'default'
2024-12-29T19:22:16.372+05:30  WARN 28448 --- [fms] [Thread-12] o.s.b.f.support.DisposableBeanAdapter    : Invocation of destroy method failed on bean with name 'inMemoryDatabaseShutdownExecutor': org.h2.jdbc.JdbcSQLNonTransientConnectionException: Database is already closed (to disable automatic closing at VM shutdown, add ";DB_CLOSE_ON_EXIT=FALSE" to the db URL) [90121-224]
2024-12-29T19:22:16.373+05:30  INFO 28448 --- [fms] [Thread-12] com.zaxxer.hikari.HikariDataSource       : HikariPool-5 - Shutdown initiated...
2024-12-29T19:22:16.375+05:30  INFO 28448 --- [fms] [Thread-12] com.zaxxer.hikari.HikariDataSource       : HikariPool-5 - Shutdown completed.
2024-12-29T19:22:16.512+05:30  INFO 28448 --- [fms] [restartedMain] com.pjsoft.fms.FmsApplication            : Starting FmsApplication using Java 17.0.2 with PID 28448 (C:\FMSProject\fms-backend\target\classes started by paragupta in C:\FMSProject\fms-backend)
2024-12-29T19:22:16.513+05:30 DEBUG 28448 --- [fms] [restartedMain] com.pjsoft.fms.FmsApplication            : Running with Spring Boot v3.3.1, Spring v6.1.10
2024-12-29T19:22:16.513+05:30  INFO 28448 --- [fms] [restartedMain] com.pjsoft.fms.FmsApplication            : No active profile set, falling back to 1 default profile: "default"
2024-12-29T19:22:18.111+05:30  INFO 28448 --- [fms] [restartedMain] .s.d.r.c.RepositoryConfigurationDelegate : Bootstrapping Spring Data JPA repositories in DEFAULT mode.
2024-12-29T19:22:18.166+05:30  INFO 28448 --- [fms] [restartedMain] .s.d.r.c.RepositoryConfigurationDelegate : Finished Spring Data repository scanning in 53 ms. Found 6 JPA repository interfaces.
2024-12-29T19:22:18.391+05:30  INFO 28448 --- [fms] [restartedMain] o.s.b.w.embedded.tomcat.TomcatWebServer  : Tomcat initialized with port 8050 (http)
2024-12-29T19:22:18.392+05:30  INFO 28448 --- [fms] [restartedMain] o.apache.catalina.core.StandardService   : Starting service [Tomcat]
2024-12-29T19:22:18.392+05:30  INFO 28448 --- [fms] [restartedMain] o.apache.catalina.core.StandardEngine    : Starting Servlet engine: [Apache Tomcat/10.1.25]
2024-12-29T19:22:18.425+05:30  INFO 28448 --- [fms] [restartedMain] o.a.c.c.C.[Tomcat-2].[localhost].[/]     : Initializing Spring embedded WebApplicationContext
2024-12-29T19:22:18.425+05:30  INFO 28448 --- [fms] [restartedMain] w.s.c.ServletWebServerApplicationContext : Root WebApplicationContext: initialization completed in 1908 ms
2024-12-29T19:22:18.486+05:30  INFO 28448 --- [fms] [restartedMain] com.zaxxer.hikari.HikariDataSource       : HikariPool-6 - Starting...
2024-12-29T19:22:18.488+05:30  INFO 28448 --- [fms] [restartedMain] com.zaxxer.hikari.pool.HikariPool        : HikariPool-6 - Added connection conn50: url=jdbc:h2:mem:fmsdb user=SA
2024-12-29T19:22:18.488+05:30  INFO 28448 --- [fms] [restartedMain] com.zaxxer.hikari.HikariDataSource       : HikariPool-6 - Start completed.
2024-12-29T19:22:18.488+05:30  INFO 28448 --- [fms] [restartedMain] o.s.b.a.h2.H2ConsoleAutoConfiguration    : H2 console available at '/h2-console'. Database available at 'jdbc:h2:mem:fmsdb'
2024-12-29T19:22:18.560+05:30  INFO 28448 --- [fms] [restartedMain] o.hibernate.jpa.internal.util.LogHelper  : HHH000204: Processing PersistenceUnitInfo [name: default]
2024-12-29T19:22:18.564+05:30  INFO 28448 --- [fms] [restartedMain] o.h.c.internal.RegionFactoryInitiator    : HHH000026: Second-level cache disabled
2024-12-29T19:22:18.580+05:30  INFO 28448 --- [fms] [restartedMain] o.s.o.j.p.SpringPersistenceUnitInfo      : No LoadTimeWeaver setup: ignoring JPA class transformer
2024-12-29T19:22:18.581+05:30  WARN 28448 --- [fms] [restartedMain] org.hibernate.orm.deprecation            : HHH90000025: H2Dialect does not need to be specified explicitly using 'hibernate.dialect' (remove the property setting and it will be selected by default)
2024-12-29T19:22:18.764+05:30  INFO 28448 --- [fms] [restartedMain] o.h.e.t.j.p.i.JtaPlatformInitiator       : HHH000489: No JTA platform available (set 'hibernate.transaction.jta.platform' to enable JTA platform integration)
2024-12-29T19:22:18.784+05:30  INFO 28448 --- [fms] [restartedMain] j.LocalContainerEntityManagerFactoryBean : Initialized JPA EntityManagerFactory for persistence unit 'default'
2024-12-29T19:22:19.165+05:30  WARN 28448 --- [fms] [restartedMain] JpaBaseConfiguration$JpaWebConfiguration : spring.jpa.open-in-view is enabled by default. Therefore, database queries may be performed during view rendering. Explicitly configure spring.jpa.open-in-view to disable this warning
2024-12-29T19:22:19.642+05:30  INFO 28448 --- [fms] [restartedMain] o.s.b.d.a.OptionalLiveReloadServer       : LiveReload server is running on port 35729
2024-12-29T19:22:19.655+05:30  INFO 28448 --- [fms] [restartedMain] o.s.b.a.e.web.EndpointLinksResolver      : Exposing 1 endpoint beneath base path '/actuator'
2024-12-29T19:22:19.688+05:30  INFO 28448 --- [fms] [restartedMain] o.s.b.w.embedded.tomcat.TomcatWebServer  : Tomcat started on port 8050 (http) with context path '/'
2024-12-29T19:22:19.699+05:30  INFO 28448 --- [fms] [restartedMain] com.pjsoft.fms.FmsApplication            : Started FmsApplication in 3.228 seconds (process running for 1631.079)
2024-12-29T19:22:19.701+05:30  INFO 28448 --- [fms] [restartedMain] .ConditionEvaluationDeltaLoggingListener : Condition evaluation unchanged
2024-12-29T19:23:01.378+05:30  INFO 28448 --- [fms] [File Watcher] rtingClassPathChangeChangedEventListener : Restarting due to 7 class path changes (1 addition, 0 deletions, 6 modifications)
2024-12-29T19:23:01.777+05:30  INFO 28448 --- [fms] [Thread-23] j.LocalContainerEntityManagerFactoryBean : Closing JPA EntityManagerFactory for persistence unit 'default'
2024-12-29T19:23:01.779+05:30  WARN 28448 --- [fms] [Thread-23] o.s.b.f.support.DisposableBeanAdapter    : Invocation of destroy method failed on bean with name 'inMemoryDatabaseShutdownExecutor': org.h2.jdbc.JdbcSQLNonTransientConnectionException: Database is already closed (to disable automatic closing at VM shutdown, add ";DB_CLOSE_ON_EXIT=FALSE" to the db URL) [90121-224]
2024-12-29T19:23:01.779+05:30  INFO 28448 --- [fms] [Thread-23] com.zaxxer.hikari.HikariDataSource       : HikariPool-6 - Shutdown initiated...
2024-12-29T19:23:01.781+05:30  INFO 28448 --- [fms] [Thread-23] com.zaxxer.hikari.HikariDataSource       : HikariPool-6 - Shutdown completed.
2024-12-29T19:23:01.852+05:30  INFO 28448 --- [fms] [restartedMain] com.pjsoft.fms.FmsApplication            : Starting FmsApplication using Java 17.0.2 with PID 28448 (C:\FMSProject\fms-backend\target\classes started by paragupta in C:\FMSProject\fms-backend)
2024-12-29T19:23:01.852+05:30 DEBUG 28448 --- [fms] [restartedMain] com.pjsoft.fms.FmsApplication            : Running with Spring Boot v3.3.1, Spring v6.1.10
2024-12-29T19:23:01.853+05:30  INFO 28448 --- [fms] [restartedMain] com.pjsoft.fms.FmsApplication            : No active profile set, falling back to 1 default profile: "default"
2024-12-29T19:23:02.108+05:30  INFO 28448 --- [fms] [restartedMain] .s.d.r.c.RepositoryConfigurationDelegate : Bootstrapping Spring Data JPA repositories in DEFAULT mode.
2024-12-29T19:23:02.136+05:30  INFO 28448 --- [fms] [restartedMain] .s.d.r.c.RepositoryConfigurationDelegate : Finished Spring Data repository scanning in 27 ms. Found 6 JPA repository interfaces.
2024-12-29T19:23:02.241+05:30  INFO 28448 --- [fms] [restartedMain] o.s.b.w.embedded.tomcat.TomcatWebServer  : Tomcat initialized with port 8050 (http)
2024-12-29T19:23:02.242+05:30  INFO 28448 --- [fms] [restartedMain] o.apache.catalina.core.StandardService   : Starting service [Tomcat]
2024-12-29T19:23:02.242+05:30  INFO 28448 --- [fms] [restartedMain] o.apache.catalina.core.StandardEngine    : Starting Servlet engine: [Apache Tomcat/10.1.25]
2024-12-29T19:23:02.259+05:30  INFO 28448 --- [fms] [restartedMain] o.a.c.c.C.[Tomcat-2].[localhost].[/]     : Initializing Spring embedded WebApplicationContext
2024-12-29T19:23:02.259+05:30  INFO 28448 --- [fms] [restartedMain] w.s.c.ServletWebServerApplicationContext : Root WebApplicationContext: initialization completed in 405 ms
2024-12-29T19:23:02.304+05:30  INFO 28448 --- [fms] [restartedMain] com.zaxxer.hikari.HikariDataSource       : HikariPool-7 - Starting...
2024-12-29T19:23:02.305+05:30  INFO 28448 --- [fms] [restartedMain] com.zaxxer.hikari.pool.HikariPool        : HikariPool-7 - Added connection conn60: url=jdbc:h2:mem:fmsdb user=SA
2024-12-29T19:23:02.305+05:30  INFO 28448 --- [fms] [restartedMain] com.zaxxer.hikari.HikariDataSource       : HikariPool-7 - Start completed.
2024-12-29T19:23:02.305+05:30  INFO 28448 --- [fms] [restartedMain] o.s.b.a.h2.H2ConsoleAutoConfiguration    : H2 console available at '/h2-console'. Database available at 'jdbc:h2:mem:fmsdb'
2024-12-29T19:23:02.354+05:30  INFO 28448 --- [fms] [restartedMain] o.hibernate.jpa.internal.util.LogHelper  : HHH000204: Processing PersistenceUnitInfo [name: default]
2024-12-29T19:23:02.357+05:30  INFO 28448 --- [fms] [restartedMain] o.h.c.internal.RegionFactoryInitiator    : HHH000026: Second-level cache disabled
2024-12-29T19:23:02.363+05:30  INFO 28448 --- [fms] [restartedMain] o.s.o.j.p.SpringPersistenceUnitInfo      : No LoadTimeWeaver setup: ignoring JPA class transformer
2024-12-29T19:23:02.364+05:30  WARN 28448 --- [fms] [restartedMain] org.hibernate.orm.deprecation            : HHH90000025: H2Dialect does not need to be specified explicitly using 'hibernate.dialect' (remove the property setting and it will be selected by default)
2024-12-29T19:23:02.450+05:30  INFO 28448 --- [fms] [restartedMain] o.h.e.t.j.p.i.JtaPlatformInitiator       : HHH000489: No JTA platform available (set 'hibernate.transaction.jta.platform' to enable JTA platform integration)
2024-12-29T19:23:02.461+05:30  INFO 28448 --- [fms] [restartedMain] j.LocalContainerEntityManagerFactoryBean : Initialized JPA EntityManagerFactory for persistence unit 'default'
2024-12-29T19:23:02.704+05:30  WARN 28448 --- [fms] [restartedMain] JpaBaseConfiguration$JpaWebConfiguration : spring.jpa.open-in-view is enabled by default. Therefore, database queries may be performed during view rendering. Explicitly configure spring.jpa.open-in-view to disable this warning
2024-12-29T19:23:02.951+05:30  INFO 28448 --- [fms] [restartedMain] o.s.b.d.a.OptionalLiveReloadServer       : LiveReload server is running on port 35729
2024-12-29T19:23:02.954+05:30  INFO 28448 --- [fms] [restartedMain] o.s.b.a.e.web.EndpointLinksResolver      : Exposing 1 endpoint beneath base path '/actuator'
2024-12-29T19:23:02.969+05:30  INFO 28448 --- [fms] [restartedMain] o.s.b.w.embedded.tomcat.TomcatWebServer  : Tomcat started on port 8050 (http) with context path '/'
2024-12-29T19:23:02.974+05:30  INFO 28448 --- [fms] [restartedMain] com.pjsoft.fms.FmsApplication            : Started FmsApplication in 1.141 seconds (process running for 1674.354)
2024-12-29T19:23:02.975+05:30  INFO 28448 --- [fms] [restartedMain] .ConditionEvaluationDeltaLoggingListener : Condition evaluation unchanged
2024-12-29T19:23:18.001+05:30  INFO 28448 --- [fms] [http-nio-8050-exec-2] o.a.c.c.C.[Tomcat-2].[localhost].[/]     : Initializing Spring DispatcherServlet 'dispatcherServlet'
2024-12-29T19:23:18.001+05:30  INFO 28448 --- [fms] [http-nio-8050-exec-2] o.s.web.servlet.DispatcherServlet        : Initializing Servlet 'dispatcherServlet'
2024-12-29T19:23:18.002+05:30  INFO 28448 --- [fms] [http-nio-8050-exec-2] o.s.web.servlet.DispatcherServlet        : Completed initialization in 1 ms
